<?xml version="1.0" encoding="UTF-8"?>
<!-- Generated by org.testng.reporters.JUnitReportReporter -->
<testsuite hostname="CKAYNES10" failures="0" tests="1" name="com.project.test.Test073CP014" time="35.924" errors="0" timestamp="29 mar. 2021 16:07:50 GMT" skipped="0">
  <testcase classname="com.project.test.Test073CP014" name="test" time="35.924"/>
</testsuite> <!-- com.project.test.Test073CP014 -->
