<?xml version="1.0" encoding="UTF-8"?>
<!-- Generated by org.testng.reporters.JUnitReportReporter -->
<testsuite hostname="CKAYNES10" failures="0" tests="1" name="com.project.test.Test073CP001" time="31.736" errors="0" timestamp="15 mar. 2021 21:53:39 GMT" skipped="0">
  <testcase classname="com.project.test.Test073CP001" name="test" time="31.736"/>
</testsuite> <!-- com.project.test.Test073CP001 -->
