<?xml version="1.0" encoding="UTF-8"?>
<!-- Generated by org.testng.reporters.JUnitReportReporter -->
<testsuite hostname="PE-LPALQ002032" failures="0" tests="1" name="com.project.test.Test01" time="15.552" errors="0" timestamp="31 jul. 2021 03:11:54 GMT" skipped="0">
  <testcase classname="com.project.test.Test01" name="test" time="15.552"/>
</testsuite> <!-- com.project.test.Test01 -->
