<?xml version="1.0" encoding="UTF-8"?>
<!-- Generated by org.testng.reporters.JUnitReportReporter -->
<testsuite hostname="CKAYNES10" failures="0" tests="1" name="com.project.test.Test073CP002" time="44.473" errors="0" timestamp="16 mar. 2021 15:32:45 GMT" skipped="0">
  <testcase classname="com.project.test.Test073CP002" name="test" time="44.473"/>
</testsuite> <!-- com.project.test.Test073CP002 -->
