<?xml version="1.0" encoding="UTF-8"?>
<!-- Generated by org.testng.reporters.JUnitReportReporter -->
<testsuite hostname="PE-LPALQ002032" failures="0" tests="1" name="com.project.test.TestLogout" time="7.585" errors="0" timestamp="31 jul. 2021 04:19:41 GMT" skipped="0">
  <testcase classname="com.project.test.TestLogout" name="test" time="7.585"/>
</testsuite> <!-- com.project.test.TestLogout -->
