<?xml version="1.0" encoding="UTF-8"?>
<!-- Generated by org.testng.reporters.JUnitReportReporter -->
<testsuite hostname="CKAYNES10" failures="0" tests="1" name="com.project.test.Test073CP006" time="34.234" errors="0" timestamp="16 mar. 2021 20:52:49 GMT" skipped="0">
  <testcase classname="com.project.test.Test073CP006" name="test" time="34.234"/>
</testsuite> <!-- com.project.test.Test073CP006 -->
