<?xml version="1.0" encoding="UTF-8"?>
<!-- Generated by org.testng.reporters.JUnitReportReporter -->
<testsuite hostname="CKAYNES10" failures="0" tests="1" name="com.project.test.Test073CP016" time="44.186" errors="0" timestamp="29 mar. 2021 17:24:30 GMT" skipped="0">
  <testcase classname="com.project.test.Test073CP016" name="test" time="44.186"/>
</testsuite> <!-- com.project.test.Test073CP016 -->
